c:\users\eachen\source\repos\opengl_projects\opengl_projects\debug\vc141.pdb
c:\users\eachen\source\repos\opengl_projects\opengl_projects\debug\vc141.idb
c:\users\eachen\source\repos\opengl_projects\opengl_projects\debug\global_variables.obj
c:\users\eachen\source\repos\opengl_projects\opengl_projects\debug\graphicssphere.obj
c:\users\eachen\source\repos\opengl_projects\opengl_projects\debug\loadmesh.obj
c:\users\eachen\source\repos\opengl_projects\opengl_projects\debug\loadtexture.obj
c:\users\eachen\source\repos\opengl_projects\opengl_projects\debug\openglhelpers.obj
c:\users\eachen\source\repos\opengl_projects\opengl_projects\debug\shaderprocessor.obj
c:\users\eachen\source\repos\opengl_projects\opengl_projects\debug\graphicsbase.obj
c:\users\eachen\source\repos\opengl_projects\opengl_projects\debug\main.obj
c:\users\eachen\source\repos\opengl_projects\opengl_projects\debug\ichenglut.obj
c:\users\eachen\source\repos\opengl_projects\opengl_projects\debug\imgui.obj
c:\users\eachen\source\repos\opengl_projects\opengl_projects\debug\imgui_demo.obj
c:\users\eachen\source\repos\opengl_projects\opengl_projects\debug\imgui_draw.obj
c:\users\eachen\source\repos\opengl_projects\opengl_projects\debug\imgui_impl_glut.obj
c:\users\eachen\source\repos\opengl_projects\debug\opengl_projects.exe
c:\users\eachen\source\repos\opengl_projects\debug\opengl_projects.ilk
c:\users\eachen\source\repos\opengl_projects\debug\opengl_projects.pdb
c:\users\eachen\source\repos\opengl_projects\opengl_projects\debug\opengl_projects.tlog\cl.command.1.tlog
c:\users\eachen\source\repos\opengl_projects\opengl_projects\debug\opengl_projects.tlog\cl.read.1.tlog
c:\users\eachen\source\repos\opengl_projects\opengl_projects\debug\opengl_projects.tlog\cl.write.1.tlog
c:\users\eachen\source\repos\opengl_projects\opengl_projects\debug\opengl_projects.tlog\link.command.1.tlog
c:\users\eachen\source\repos\opengl_projects\opengl_projects\debug\opengl_projects.tlog\link.read.1.tlog
c:\users\eachen\source\repos\opengl_projects\opengl_projects\debug\opengl_projects.tlog\link.write.1.tlog
