  main.cpp
  imgui_impl_glut.cpp
  imgui_draw.cpp
  imgui_demo.cpp
  imgui.cpp
  Utilities.cpp
  ShaderProcessor.cpp
  LoadTexture.cpp
  LoadMesh.cpp
  IchenGlut.cpp
  DebugCallback.cpp
  VBO_Surf.cpp
  IBufferManager.cpp
  GraphicsShaderToy.cpp
  GraphicsPoints.cpp
  GraphicsNaiveInstance.cpp
  GraphicsLight.cpp
  GraphicsInstances.cpp
  GraphicsGrids.cpp
  GraphicsFish.cpp
  Generating Code...
  Compiling...
  GraphicsFBO.cpp
  GraphicsBillboard.cpp
  GraphicsBase.cpp
  Graphics3DO.cpp
  GraphicsPicker.cpp
  GraphicsBezier.cpp
  GraphicsParticleSystem.cpp
  GraphicsInstancePoints.cpp
  Global_Variables.cpp
  Camera.cpp
  Generating Code...
  OpenGL_Projects.vcxproj -> C:\Codes\Github\OpenGLFramework\Opengl\Debug\OpenGL_Projects.exe
